2020-06-08 07:44:09,082 INFO  Logger.cs: 70 - 
--------------------------------------------------------------------------------
2020-06-08 07:44:09,112 INFO  Logger.cs: 71 - Logging commencing for SW2URDF exporter
2020-06-08 07:44:09,113 INFO  Logger.cs: 73 - Commit version 1.5.1-0-g916b5db
2020-06-08 07:44:09,113 INFO  Logger.cs: 74 - Build version 1.5.7152.31018
2020-06-08 07:44:09,135 INFO  SwAddin.cs: 250 - Adding Assembly export to file menu
2020-06-08 07:44:09,136 INFO  SwAddin.cs: 253 - Adding Part export to file menu
2020-06-08 07:44:09,282 INFO  SwAddin.cs: 218 - Connecting plugin to SolidWorks
2020-06-08 07:44:32,223 INFO  SwAddin.cs: 271 - Assembly export called for file IRS
2020-06-08 07:44:37,874 INFO  SwAddin.cs: 290 - Saving assembly
2020-06-08 07:44:37,990 INFO  SwAddin.cs: 293 - Opening property manager
2020-06-08 07:44:38,005 INFO  ExportHelperExtension.cs: 1131 - Retrieving features of type [CoordSys] from IRS
2020-06-08 07:44:38,035 INFO  ExportHelperExtension.cs: 1142 - Found 37 in IRS
2020-06-08 07:44:38,036 INFO  ExportHelperExtension.cs: 1152 - Found 0 features of type [CoordSys] in IRS
2020-06-08 07:44:38,036 INFO  ExportHelperExtension.cs: 1155 - Proceeding through assembly components
2020-06-08 07:44:38,037 INFO  ExportHelperExtension.cs: 1167 - 4 components to check
2020-06-08 07:44:38,037 INFO  ExportHelperExtension.cs: 1131 - Retrieving features of type [CoordSys] from Part1^IRS-1
2020-06-08 07:44:38,038 INFO  ExportHelperExtension.cs: 1142 - Found 39 in Part1^IRS-1
2020-06-08 07:44:38,038 INFO  ExportHelperExtension.cs: 1152 - Found 0 features of type [CoordSys] in Part1^IRS-1
2020-06-08 07:44:38,039 INFO  ExportHelperExtension.cs: 1131 - Retrieving features of type [CoordSys] from Part84^PJ 0090 0004 - JACO 6DOF_KG-3-1
2020-06-08 07:44:38,039 INFO  ExportHelperExtension.cs: 1142 - Found 40 in Part84^PJ 0090 0004 - JACO 6DOF_KG-3-1
2020-06-08 07:44:38,039 INFO  ExportHelperExtension.cs: 1152 - Found 0 features of type [CoordSys] in Part84^PJ 0090 0004 - JACO 6DOF_KG-3-1
2020-06-08 07:44:38,040 INFO  ExportHelperExtension.cs: 1131 - Retrieving features of type [CoordSys] from add2-1
2020-06-08 07:44:38,040 INFO  ExportHelperExtension.cs: 1142 - Found 43 in add2-1
2020-06-08 07:44:38,040 INFO  ExportHelperExtension.cs: 1152 - Found 0 features of type [CoordSys] in add2-1
2020-06-08 07:44:38,041 INFO  ExportHelperExtension.cs: 1131 - Retrieving features of type [CoordSys] from IntelRealsense_D435_Multibody-1
2020-06-08 07:44:38,041 INFO  ExportHelperExtension.cs: 1142 - Found 93 in IntelRealsense_D435_Multibody-1
2020-06-08 07:44:38,042 INFO  ExportHelperExtension.cs: 1152 - Found 0 features of type [CoordSys] in IntelRealsense_D435_Multibody-1
2020-06-08 07:44:38,042 INFO  ExportHelperExtension.cs: 1131 - Retrieving features of type [RefAxis] from IRS
2020-06-08 07:44:38,043 INFO  ExportHelperExtension.cs: 1142 - Found 37 in IRS
2020-06-08 07:44:38,043 INFO  ExportHelperExtension.cs: 1152 - Found 0 features of type [RefAxis] in IRS
2020-06-08 07:44:38,043 INFO  ExportHelperExtension.cs: 1155 - Proceeding through assembly components
2020-06-08 07:44:38,044 INFO  ExportHelperExtension.cs: 1167 - 4 components to check
2020-06-08 07:44:38,044 INFO  ExportHelperExtension.cs: 1131 - Retrieving features of type [RefAxis] from Part1^IRS-1
2020-06-08 07:44:38,044 INFO  ExportHelperExtension.cs: 1142 - Found 39 in Part1^IRS-1
2020-06-08 07:44:38,044 INFO  ExportHelperExtension.cs: 1152 - Found 0 features of type [RefAxis] in Part1^IRS-1
2020-06-08 07:44:38,045 INFO  ExportHelperExtension.cs: 1131 - Retrieving features of type [RefAxis] from Part84^PJ 0090 0004 - JACO 6DOF_KG-3-1
2020-06-08 07:44:38,045 INFO  ExportHelperExtension.cs: 1142 - Found 40 in Part84^PJ 0090 0004 - JACO 6DOF_KG-3-1
2020-06-08 07:44:38,045 INFO  ExportHelperExtension.cs: 1152 - Found 0 features of type [RefAxis] in Part84^PJ 0090 0004 - JACO 6DOF_KG-3-1
2020-06-08 07:44:38,046 INFO  ExportHelperExtension.cs: 1131 - Retrieving features of type [RefAxis] from add2-1
2020-06-08 07:44:38,046 INFO  ExportHelperExtension.cs: 1142 - Found 43 in add2-1
2020-06-08 07:44:38,046 INFO  ExportHelperExtension.cs: 1152 - Found 0 features of type [RefAxis] in add2-1
2020-06-08 07:44:38,047 INFO  ExportHelperExtension.cs: 1131 - Retrieving features of type [RefAxis] from IntelRealsense_D435_Multibody-1
2020-06-08 07:44:38,047 INFO  ExportHelperExtension.cs: 1142 - Found 93 in IntelRealsense_D435_Multibody-1
2020-06-08 07:44:38,047 INFO  ExportHelperExtension.cs: 1152 - Found 0 features of type [RefAxis] in IntelRealsense_D435_Multibody-1
2020-06-08 07:44:38,249 INFO  SwAddin.cs: 316 - Loading config tree
2020-06-08 07:44:38,252 INFO  ExportPropertyManagerExtension.cs: 597 - Starting new configuration
2020-06-08 07:44:38,255 INFO  SwAddin.cs: 321 - Showing property manager
2020-06-08 07:46:02,833 INFO  ExportPropertyManager.cs: 1178 - OnNumberBoxTrackingCompleted called. This method no longer throws an Exception. It just silently does nothing. Ok, except for this logging message
2020-06-08 07:49:56,839 INFO  ExportPropertyManager.cs: 456 - Configuration saved
2020-06-08 07:49:56,962 INFO  ExportPropertyManager.cs: 1184 - AfterClose called. This method no longer throws an Exception. It just silently does nothing. Ok, except for this logging message
2020-06-08 07:52:59,715 INFO  SwAddin.cs: 271 - Assembly export called for file IRS
2020-06-08 07:52:59,716 INFO  SwAddin.cs: 276 - Save is required
2020-06-08 07:52:59,716 INFO  SwAddin.cs: 290 - Saving assembly
2020-06-08 07:52:59,923 INFO  SwAddin.cs: 293 - Opening property manager
2020-06-08 07:52:59,923 INFO  ExportHelperExtension.cs: 1131 - Retrieving features of type [CoordSys] from IRS
2020-06-08 07:52:59,924 INFO  ExportHelperExtension.cs: 1142 - Found 37 in IRS
2020-06-08 07:52:59,924 INFO  ExportHelperExtension.cs: 1152 - Found 0 features of type [CoordSys] in IRS
2020-06-08 07:52:59,925 INFO  ExportHelperExtension.cs: 1155 - Proceeding through assembly components
2020-06-08 07:52:59,925 INFO  ExportHelperExtension.cs: 1167 - 4 components to check
2020-06-08 07:52:59,925 INFO  ExportHelperExtension.cs: 1131 - Retrieving features of type [CoordSys] from Part1^IRS-1
2020-06-08 07:52:59,926 INFO  ExportHelperExtension.cs: 1142 - Found 39 in Part1^IRS-1
2020-06-08 07:52:59,927 INFO  ExportHelperExtension.cs: 1152 - Found 0 features of type [CoordSys] in Part1^IRS-1
2020-06-08 07:52:59,928 INFO  ExportHelperExtension.cs: 1131 - Retrieving features of type [CoordSys] from Part84^PJ 0090 0004 - JACO 6DOF_KG-3-1
2020-06-08 07:52:59,928 INFO  ExportHelperExtension.cs: 1142 - Found 40 in Part84^PJ 0090 0004 - JACO 6DOF_KG-3-1
2020-06-08 07:52:59,929 INFO  ExportHelperExtension.cs: 1152 - Found 0 features of type [CoordSys] in Part84^PJ 0090 0004 - JACO 6DOF_KG-3-1
2020-06-08 07:52:59,930 INFO  ExportHelperExtension.cs: 1131 - Retrieving features of type [CoordSys] from add2-1
2020-06-08 07:52:59,930 INFO  ExportHelperExtension.cs: 1142 - Found 43 in add2-1
2020-06-08 07:52:59,931 INFO  ExportHelperExtension.cs: 1152 - Found 0 features of type [CoordSys] in add2-1
2020-06-08 07:52:59,931 INFO  ExportHelperExtension.cs: 1131 - Retrieving features of type [CoordSys] from IntelRealsense_D435_Multibody-1
2020-06-08 07:52:59,932 INFO  ExportHelperExtension.cs: 1142 - Found 93 in IntelRealsense_D435_Multibody-1
2020-06-08 07:52:59,933 INFO  ExportHelperExtension.cs: 1152 - Found 0 features of type [CoordSys] in IntelRealsense_D435_Multibody-1
2020-06-08 07:52:59,934 INFO  ExportHelperExtension.cs: 1131 - Retrieving features of type [RefAxis] from IRS
2020-06-08 07:52:59,934 INFO  ExportHelperExtension.cs: 1142 - Found 37 in IRS
2020-06-08 07:52:59,935 INFO  ExportHelperExtension.cs: 1152 - Found 0 features of type [RefAxis] in IRS
2020-06-08 07:52:59,936 INFO  ExportHelperExtension.cs: 1155 - Proceeding through assembly components
2020-06-08 07:52:59,936 INFO  ExportHelperExtension.cs: 1167 - 4 components to check
2020-06-08 07:52:59,936 INFO  ExportHelperExtension.cs: 1131 - Retrieving features of type [RefAxis] from Part1^IRS-1
2020-06-08 07:52:59,937 INFO  ExportHelperExtension.cs: 1142 - Found 39 in Part1^IRS-1
2020-06-08 07:52:59,938 INFO  ExportHelperExtension.cs: 1152 - Found 0 features of type [RefAxis] in Part1^IRS-1
2020-06-08 07:52:59,938 INFO  ExportHelperExtension.cs: 1131 - Retrieving features of type [RefAxis] from Part84^PJ 0090 0004 - JACO 6DOF_KG-3-1
2020-06-08 07:52:59,939 INFO  ExportHelperExtension.cs: 1142 - Found 40 in Part84^PJ 0090 0004 - JACO 6DOF_KG-3-1
2020-06-08 07:52:59,939 INFO  ExportHelperExtension.cs: 1152 - Found 0 features of type [RefAxis] in Part84^PJ 0090 0004 - JACO 6DOF_KG-3-1
2020-06-08 07:52:59,940 INFO  ExportHelperExtension.cs: 1131 - Retrieving features of type [RefAxis] from add2-1
2020-06-08 07:52:59,940 INFO  ExportHelperExtension.cs: 1142 - Found 43 in add2-1
2020-06-08 07:52:59,941 INFO  ExportHelperExtension.cs: 1152 - Found 0 features of type [RefAxis] in add2-1
2020-06-08 07:52:59,942 INFO  ExportHelperExtension.cs: 1131 - Retrieving features of type [RefAxis] from IntelRealsense_D435_Multibody-1
2020-06-08 07:52:59,942 INFO  ExportHelperExtension.cs: 1142 - Found 93 in IntelRealsense_D435_Multibody-1
2020-06-08 07:52:59,943 INFO  ExportHelperExtension.cs: 1152 - Found 0 features of type [RefAxis] in IntelRealsense_D435_Multibody-1
2020-06-08 07:53:00,075 INFO  SwAddin.cs: 316 - Loading config tree
2020-06-08 07:53:00,075 INFO  ExportPropertyManagerExtension.cs: 597 - Starting new configuration
2020-06-08 07:53:00,077 INFO  SwAddin.cs: 321 - Showing property manager
2020-06-08 07:53:08,376 INFO  ExportPropertyManager.cs: 1178 - OnNumberBoxTrackingCompleted called. This method no longer throws an Exception. It just silently does nothing. Ok, except for this logging message
2020-06-08 07:53:13,615 INFO  ExportPropertyManager.cs: 456 - Configuration saved
2020-06-08 07:53:13,669 INFO  ExportPropertyManager.cs: 1184 - AfterClose called. This method no longer throws an Exception. It just silently does nothing. Ok, except for this logging message
2020-06-08 07:53:24,765 INFO  SwAddin.cs: 271 - Assembly export called for file IRS
2020-06-08 07:53:24,766 INFO  SwAddin.cs: 276 - Save is required
2020-06-08 07:53:24,766 INFO  SwAddin.cs: 290 - Saving assembly
2020-06-08 07:53:24,974 INFO  SwAddin.cs: 293 - Opening property manager
2020-06-08 07:53:24,975 INFO  ExportHelperExtension.cs: 1131 - Retrieving features of type [CoordSys] from IRS
2020-06-08 07:53:24,975 INFO  ExportHelperExtension.cs: 1142 - Found 37 in IRS
2020-06-08 07:53:24,976 INFO  ExportHelperExtension.cs: 1152 - Found 0 features of type [CoordSys] in IRS
2020-06-08 07:53:24,977 INFO  ExportHelperExtension.cs: 1155 - Proceeding through assembly components
2020-06-08 07:53:24,977 INFO  ExportHelperExtension.cs: 1167 - 4 components to check
2020-06-08 07:53:24,978 INFO  ExportHelperExtension.cs: 1131 - Retrieving features of type [CoordSys] from Part1^IRS-1
2020-06-08 07:53:24,979 INFO  ExportHelperExtension.cs: 1142 - Found 39 in Part1^IRS-1
2020-06-08 07:53:24,979 INFO  ExportHelperExtension.cs: 1152 - Found 0 features of type [CoordSys] in Part1^IRS-1
2020-06-08 07:53:24,980 INFO  ExportHelperExtension.cs: 1131 - Retrieving features of type [CoordSys] from Part84^PJ 0090 0004 - JACO 6DOF_KG-3-1
2020-06-08 07:53:24,980 INFO  ExportHelperExtension.cs: 1142 - Found 40 in Part84^PJ 0090 0004 - JACO 6DOF_KG-3-1
2020-06-08 07:53:24,982 INFO  ExportHelperExtension.cs: 1152 - Found 0 features of type [CoordSys] in Part84^PJ 0090 0004 - JACO 6DOF_KG-3-1
2020-06-08 07:53:24,982 INFO  ExportHelperExtension.cs: 1131 - Retrieving features of type [CoordSys] from add2-1
2020-06-08 07:53:24,983 INFO  ExportHelperExtension.cs: 1142 - Found 43 in add2-1
2020-06-08 07:53:24,983 INFO  ExportHelperExtension.cs: 1152 - Found 0 features of type [CoordSys] in add2-1
2020-06-08 07:53:24,984 INFO  ExportHelperExtension.cs: 1131 - Retrieving features of type [CoordSys] from IntelRealsense_D435_Multibody-1
2020-06-08 07:53:24,985 INFO  ExportHelperExtension.cs: 1142 - Found 93 in IntelRealsense_D435_Multibody-1
2020-06-08 07:53:24,985 INFO  ExportHelperExtension.cs: 1152 - Found 0 features of type [CoordSys] in IntelRealsense_D435_Multibody-1
2020-06-08 07:53:24,986 INFO  ExportHelperExtension.cs: 1131 - Retrieving features of type [RefAxis] from IRS
2020-06-08 07:53:24,986 INFO  ExportHelperExtension.cs: 1142 - Found 37 in IRS
2020-06-08 07:53:24,986 INFO  ExportHelperExtension.cs: 1152 - Found 0 features of type [RefAxis] in IRS
2020-06-08 07:53:24,987 INFO  ExportHelperExtension.cs: 1155 - Proceeding through assembly components
2020-06-08 07:53:24,987 INFO  ExportHelperExtension.cs: 1167 - 4 components to check
2020-06-08 07:53:24,987 INFO  ExportHelperExtension.cs: 1131 - Retrieving features of type [RefAxis] from Part1^IRS-1
2020-06-08 07:53:24,988 INFO  ExportHelperExtension.cs: 1142 - Found 39 in Part1^IRS-1
2020-06-08 07:53:24,988 INFO  ExportHelperExtension.cs: 1152 - Found 0 features of type [RefAxis] in Part1^IRS-1
2020-06-08 07:53:24,988 INFO  ExportHelperExtension.cs: 1131 - Retrieving features of type [RefAxis] from Part84^PJ 0090 0004 - JACO 6DOF_KG-3-1
2020-06-08 07:53:24,989 INFO  ExportHelperExtension.cs: 1142 - Found 40 in Part84^PJ 0090 0004 - JACO 6DOF_KG-3-1
2020-06-08 07:53:24,989 INFO  ExportHelperExtension.cs: 1152 - Found 0 features of type [RefAxis] in Part84^PJ 0090 0004 - JACO 6DOF_KG-3-1
2020-06-08 07:53:24,989 INFO  ExportHelperExtension.cs: 1131 - Retrieving features of type [RefAxis] from add2-1
2020-06-08 07:53:24,990 INFO  ExportHelperExtension.cs: 1142 - Found 43 in add2-1
2020-06-08 07:53:24,990 INFO  ExportHelperExtension.cs: 1152 - Found 0 features of type [RefAxis] in add2-1
2020-06-08 07:53:24,990 INFO  ExportHelperExtension.cs: 1131 - Retrieving features of type [RefAxis] from IntelRealsense_D435_Multibody-1
2020-06-08 07:53:24,991 INFO  ExportHelperExtension.cs: 1142 - Found 93 in IntelRealsense_D435_Multibody-1
2020-06-08 07:53:24,991 INFO  ExportHelperExtension.cs: 1152 - Found 0 features of type [RefAxis] in IntelRealsense_D435_Multibody-1
2020-06-08 07:53:25,125 INFO  SwAddin.cs: 316 - Loading config tree
2020-06-08 07:53:25,126 INFO  ExportPropertyManagerExtension.cs: 597 - Starting new configuration
2020-06-08 07:53:25,128 INFO  SwAddin.cs: 321 - Showing property manager
2020-06-08 07:53:30,096 INFO  ExportPropertyManager.cs: 1178 - OnNumberBoxTrackingCompleted called. This method no longer throws an Exception. It just silently does nothing. Ok, except for this logging message
2020-06-08 07:54:01,826 INFO  ExportPropertyManager.cs: 456 - Configuration saved
2020-06-08 07:54:03,288 INFO  ExportHelperExtension.cs: 338 - Creating joint Link_1
2020-06-08 07:54:03,293 INFO  ExportHelperExtension.cs: 1409 - Fixing components for base_link
2020-06-08 07:54:03,294 INFO  ExportHelperExtension.cs: 1414 - Fixing 51
2020-06-08 07:54:03,294 INFO  ExportHelperExtension.cs: 1414 - Fixing 24
2020-06-08 07:54:03,295 INFO  ExportHelperExtension.cs: 1422 - Component 24 is already fixed
2020-06-08 07:54:03,413 INFO  ExportHelperExtension.cs: 835 - R1: 0, 0
2020-06-08 07:54:03,414 INFO  ExportHelperExtension.cs: 844 - R2: 0, 0
2020-06-08 07:54:03,514 INFO  : 0 - L1: 1, System.Double[]
2020-06-08 07:54:03,520 INFO  ExportHelperExtension.cs: 860 - L2: 0
2020-06-08 07:54:03,551 INFO  ExportHelperExtension.cs: 1364 - Unfixing component 51
2020-06-08 07:54:04,963 WARN  ExportHelperExtension.cs: 342 - Creating joint from parent base_link to child Link_1 failed
2020-06-08 07:54:05,421 INFO  ExportHelperExtension.cs: 1131 - Retrieving features of type [CoordSys] from IRS
2020-06-08 07:54:05,425 INFO  ExportHelperExtension.cs: 1142 - Found 42 in IRS
2020-06-08 07:54:05,425 INFO  ExportHelperExtension.cs: 1152 - Found 2 features of type [CoordSys] in IRS
2020-06-08 07:54:05,425 INFO  ExportHelperExtension.cs: 1155 - Proceeding through assembly components
2020-06-08 07:54:05,426 INFO  ExportHelperExtension.cs: 1167 - 4 components to check
2020-06-08 07:54:05,426 INFO  ExportHelperExtension.cs: 1131 - Retrieving features of type [CoordSys] from Part1^IRS-1
2020-06-08 07:54:05,426 INFO  ExportHelperExtension.cs: 1142 - Found 39 in Part1^IRS-1
2020-06-08 07:54:05,427 INFO  ExportHelperExtension.cs: 1152 - Found 0 features of type [CoordSys] in Part1^IRS-1
2020-06-08 07:54:05,427 INFO  ExportHelperExtension.cs: 1131 - Retrieving features of type [CoordSys] from Part84^PJ 0090 0004 - JACO 6DOF_KG-3-1
2020-06-08 07:54:05,427 INFO  ExportHelperExtension.cs: 1142 - Found 40 in Part84^PJ 0090 0004 - JACO 6DOF_KG-3-1
2020-06-08 07:54:05,428 INFO  ExportHelperExtension.cs: 1152 - Found 0 features of type [CoordSys] in Part84^PJ 0090 0004 - JACO 6DOF_KG-3-1
2020-06-08 07:54:05,428 INFO  ExportHelperExtension.cs: 1131 - Retrieving features of type [CoordSys] from add2-1
2020-06-08 07:54:05,428 INFO  ExportHelperExtension.cs: 1142 - Found 43 in add2-1
2020-06-08 07:54:05,429 INFO  ExportHelperExtension.cs: 1152 - Found 0 features of type [CoordSys] in add2-1
2020-06-08 07:54:05,429 INFO  ExportHelperExtension.cs: 1131 - Retrieving features of type [CoordSys] from IntelRealsense_D435_Multibody-1
2020-06-08 07:54:05,430 INFO  ExportHelperExtension.cs: 1142 - Found 93 in IntelRealsense_D435_Multibody-1
2020-06-08 07:54:05,430 INFO  ExportHelperExtension.cs: 1152 - Found 0 features of type [CoordSys] in IntelRealsense_D435_Multibody-1
2020-06-08 07:54:05,431 INFO  ExportHelperExtension.cs: 1131 - Retrieving features of type [RefAxis] from IRS
2020-06-08 07:54:05,432 INFO  ExportHelperExtension.cs: 1142 - Found 42 in IRS
2020-06-08 07:54:05,432 INFO  ExportHelperExtension.cs: 1152 - Found 1 features of type [RefAxis] in IRS
2020-06-08 07:54:05,432 INFO  ExportHelperExtension.cs: 1155 - Proceeding through assembly components
2020-06-08 07:54:05,433 INFO  ExportHelperExtension.cs: 1167 - 4 components to check
2020-06-08 07:54:05,433 INFO  ExportHelperExtension.cs: 1131 - Retrieving features of type [RefAxis] from Part1^IRS-1
2020-06-08 07:54:05,433 INFO  ExportHelperExtension.cs: 1142 - Found 39 in Part1^IRS-1
2020-06-08 07:54:05,434 INFO  ExportHelperExtension.cs: 1152 - Found 0 features of type [RefAxis] in Part1^IRS-1
2020-06-08 07:54:05,434 INFO  ExportHelperExtension.cs: 1131 - Retrieving features of type [RefAxis] from Part84^PJ 0090 0004 - JACO 6DOF_KG-3-1
2020-06-08 07:54:05,434 INFO  ExportHelperExtension.cs: 1142 - Found 40 in Part84^PJ 0090 0004 - JACO 6DOF_KG-3-1
2020-06-08 07:54:05,435 INFO  ExportHelperExtension.cs: 1152 - Found 0 features of type [RefAxis] in Part84^PJ 0090 0004 - JACO 6DOF_KG-3-1
2020-06-08 07:54:05,435 INFO  ExportHelperExtension.cs: 1131 - Retrieving features of type [RefAxis] from add2-1
2020-06-08 07:54:05,435 INFO  ExportHelperExtension.cs: 1142 - Found 43 in add2-1
2020-06-08 07:54:05,436 INFO  ExportHelperExtension.cs: 1152 - Found 0 features of type [RefAxis] in add2-1
2020-06-08 07:54:05,436 INFO  ExportHelperExtension.cs: 1131 - Retrieving features of type [RefAxis] from IntelRealsense_D435_Multibody-1
2020-06-08 07:54:05,436 INFO  ExportHelperExtension.cs: 1142 - Found 93 in IntelRealsense_D435_Multibody-1
2020-06-08 07:54:05,437 INFO  ExportHelperExtension.cs: 1152 - Found 0 features of type [RefAxis] in IntelRealsense_D435_Multibody-1
2020-06-08 07:54:05,480 INFO  ExportPropertyManager.cs: 1184 - AfterClose called. This method no longer throws an Exception. It just silently does nothing. Ok, except for this logging message
2020-06-08 07:56:12,295 INFO  AssemblyExportForm.cs: 254 - Completing URDF export
2020-06-08 07:56:12,307 INFO  Serialization.cs: 275 - URDF Configuration found
<Link z:Id="i1" xmlns="http://schemas.datacontract.org/2004/07/SW2URDF" xmlns:i="http://www.w3.org/2001/XMLSchema-instance" xmlns:z="http://schemas.microsoft.com/2003/10/Serialization/"><Attributes><Attribute z:Id="i2"><AttributeType>name</AttributeType><IsRequired>true</IsRequired><Value i:type="a:string" xmlns:a="http://www.w3.org/2001/XMLSchema">base_link</Value></Attribute></Attributes><ChildElements><URDFElement z:Id="i3" i:type="Inertial"><Attributes/><ChildElements><URDFElement z:Id="i4" i:type="Origin"><Attributes><Attribute z:Id="i5"><AttributeType>xyz</AttributeType><IsRequired>true</IsRequired><Value i:type="a:ArrayOfdouble" xmlns:a="http://schemas.microsoft.com/2003/10/Serialization/Arrays"><a:double>0</a:double><a:double>0</a:double><a:double>0</a:double></Value></Attribute><Attribute z:Id="i6"><AttributeType>rpy</AttributeType><IsRequired>true</IsRequired><Value i:type="a:ArrayOfdouble" xmlns:a="http://schemas.microsoft.com/2003/10/Serialization/Arrays"><a:double>0</a:double><a:double>0</a:double><a:double>0</a:double></Value></Attribute></Attributes><ChildElements/><ElementName>origin</ElementName><required>false</required><RPYAttribute z:Ref="i6"/><XYZAttribute z:Ref="i5"/><isCustomized>false</isCustomized></URDFElement><URDFElement z:Id="i7" i:type="Mass"><Attributes><Attribute z:Id="i8"><AttributeType>value</AttributeType><IsRequired>true</IsRequired><Value i:type="a:double" xmlns:a="http://www.w3.org/2001/XMLSchema">0</Value></Attribute></Attributes><ChildElements/><ElementName>mass</ElementName><required>false</required><ValueAttribute z:Ref="i8"/></URDFElement><URDFElement z:Id="i9" i:type="Inertia"><Attributes><Attribute z:Id="i10"><AttributeType>ixx</AttributeType><IsRequired>true</IsRequired><Value i:type="a:double" xmlns:a="http://www.w3.org/2001/XMLSchema">0</Value></Attribute><Attribute z:Id="i11"><AttributeType>ixy</AttributeType><IsRequired>true</IsRequired><Value i:type="a:double" xmlns:a="http://www.w3.org/2001/XMLSchema">0</Value></Attribute><Attribute z:Id="i12"><AttributeType>ixz</AttributeType><IsRequired>true</IsRequired><Value i:type="a:double" xmlns:a="http://www.w3.org/2001/XMLSchema">0</Value></Attribute><Attribute z:Id="i13"><AttributeType>iyy</AttributeType><IsRequired>true</IsRequired><Value i:type="a:double" xmlns:a="http://www.w3.org/2001/XMLSchema">0</Value></Attribute><Attribute z:Id="i14"><AttributeType>iyz</AttributeType><IsRequired>true</IsRequired><Value i:type="a:double" xmlns:a="http://www.w3.org/2001/XMLSchema">0</Value></Attribute><Attribute z:Id="i15"><AttributeType>izz</AttributeType><IsRequired>true</IsRequired><Value i:type="a:double" xmlns:a="http://www.w3.org/2001/XMLSchema">0</Value></Attribute></Attributes><ChildElements/><ElementName>inertia</ElementName><required>false</required><IxxAttribute z:Ref="i10"/><IxyAttribute z:Ref="i11"/><IxzAttribute z:Ref="i12"/><IyyAttribute z:Ref="i13"/><IyzAttribute z:Ref="i14"/><IzzAttribute z:Ref="i15"/></URDFElement></ChildElements><ElementName>inertial</ElementName><required>false</required><Inertia z:Ref="i9"/><Mass z:Ref="i7"/><Origin z:Ref="i4"/></URDFElement><URDFElement z:Id="i16" i:type="Visual"><Attributes/><ChildElements><URDFElement z:Id="i17" i:type="Origin"><Attributes><Attribute z:Id="i18"><AttributeType>xyz</AttributeType><IsRequired>true</IsRequired><Value i:type="a:ArrayOfdouble" xmlns:a="http://schemas.microsoft.com/2003/10/Serialization/Arrays"><a:double>0</a:double><a:double>0</a:double><a:double>0</a:double></Value></Attribute><Attribute z:Id="i19"><AttributeType>rpy</AttributeType><IsRequired>true</IsRequired><Value i:type="a:ArrayOfdouble" xmlns:a="http://schemas.microsoft.com/2003/10/Serialization/Arrays"><a:double>0</a:double><a:double>0</a:double><a:double>0</a:double></Value></Attribute></Attributes><ChildElements/><ElementName>origin</ElementName><required>false</required><RPYAttribute z:Ref="i19"/><XYZAttribute z:Ref="i18"/><isCustomized>false</isCustomized></URDFElement><URDFElement z:Id="i20" i:type="Geometry"><Attributes/><ChildElements><URDFElement z:Id="i21" i:type="Mesh"><Attributes><Attribute z:Id="i22"><AttributeType>filename</AttributeType><IsRequired>true</IsRequired><Value i:nil="true"/></Attribute></Attributes><ChildElements/><ElementName>mesh</ElementName><required>false</required><FilenameAttribute z:Ref="i22"/></URDFElement></ChildElements><ElementName>geometry</ElementName><required>true</required><Mesh z:Ref="i21"/></URDFElement><URDFElement z:Id="i23" i:type="Material"><Attributes><Attribute z:Id="i24"><AttributeType>name</AttributeType><IsRequired>true</IsRequired><Value i:type="a:string" xmlns:a="http://www.w3.org/2001/XMLSchema"/></Attribute></Attributes><ChildElements><URDFElement z:Id="i25" i:type="Color"><Attributes><Attribute z:Id="i26"><AttributeType>rgba</AttributeType><IsRequired>true</IsRequired><Value i:type="a:ArrayOfdouble" xmlns:a="http://schemas.microsoft.com/2003/10/Serialization/Arrays"><a:double>1</a:double><a:double>1</a:double><a:double>1</a:double><a:double>1</a:double></Value></Attribute></Attributes><ChildElements/><ElementName>color</ElementName><required>false</required><RGBAAttribute z:Ref="i26"/></URDFElement><URDFElement z:Id="i27" i:type="Texture"><Attributes><Attribute z:Id="i28"><AttributeType>filename</AttributeType><IsRequired>true</IsRequired><Value i:nil="true"/></Attribute></Attributes><ChildElements/><ElementName>texture</ElementName><required>false</required><FilenameAttribute z:Ref="i28"/><wFilename/></URDFElement></ChildElements><ElementName>material</ElementName><required>false</required><Color z:Ref="i25"/><NameAttribute z:Ref="i24"/><Texture z:Ref="i27"/></URDFElement></ChildElements><ElementName>visual</ElementName><required>false</required><Geometry z:Ref="i20"/><Material z:Ref="i23"/><Origin z:Ref="i17"/></URDFElement><URDFElement z:Id="i29" i:type="Collision"><Attributes/><ChildElements><URDFElement z:Id="i30" i:type="Origin"><Attributes><Attribute z:Id="i31"><AttributeType>xyz</AttributeType><IsRequired>true</IsRequired><Value i:type="a:ArrayOfdouble" xmlns:a="http://schemas.microsoft.com/2003/10/Serialization/Arrays"><a:double>0</a:double><a:double>0</a:double><a:double>0</a:double></Value></Attribute><Attribute z:Id="i32"><AttributeType>rpy</AttributeType><IsRequired>true</IsRequired><Value i:type="a:ArrayOfdouble" xmlns:a="http://schemas.microsoft.com/2003/10/Serialization/Arrays"><a:double>0</a:double><a:double>0</a:double><a:double>0</a:double></Value></Attribute></Attributes><ChildElements/><ElementName>origin</ElementName><required>false</required><RPYAttribute z:Ref="i32"/><XYZAttribute z:Ref="i31"/><isCustomized>false</isCustomized></URDFElement><URDFElement z:Id="i33" i:type="Geometry"><Attributes/><ChildElements><URDFElement z:Id="i34" i:type="Mesh"><Attributes><Attribute z:Id="i35"><AttributeType>filename</AttributeType><IsRequired>true</IsRequired><Value i:nil="true"/></Attribute></Attributes><ChildElements/><ElementName>mesh</ElementName><required>false</required><FilenameAttribute z:Ref="i35"/></URDFElement></ChildElements><ElementName>geometry</ElementName><required>true</required><Mesh z:Ref="i34"/></URDFElement></ChildElements><ElementName>collision</ElementName><required>false</required><Geometry z:Ref="i33"/><Origin z:Ref="i30"/></URDFElement><URDFElement z:Id="i36" i:type="Joint"><Attributes><Attribute z:Id="i37"><AttributeType>name</AttributeType><IsRequired>true</IsRequired><Value i:type="a:string" xmlns:a="http://www.w3.org/2001/XMLSchema"/></Attribute><Attribute z:Id="i38"><AttributeType>type</AttributeType><IsRequired>true</IsRequired><Value i:type="a:string" xmlns:a="http://www.w3.org/2001/XMLSchema"/></Attribute></Attributes><ChildElements><URDFElement z:Id="i39" i:type="Origin"><Attributes><Attribute z:Id="i40"><AttributeType>xyz</AttributeType><IsRequired>true</IsRequired><Value i:type="a:ArrayOfdouble" xmlns:a="http://schemas.microsoft.com/2003/10/Serialization/Arrays"><a:double>0</a:double><a:double>0</a:double><a:double>0</a:double></Value></Attribute><Attribute z:Id="i41"><AttributeType>rpy</AttributeType><IsRequired>true</IsRequired><Value i:type="a:ArrayOfdouble" xmlns:a="http://schemas.microsoft.com/2003/10/Serialization/Arrays"><a:double>0</a:double><a:double>0</a:double><a:double>0</a:double></Value></Attribute></Attributes><ChildElements/><ElementName>origin</ElementName><required>false</required><RPYAttribute z:Ref="i41"/><XYZAttribute z:Ref="i40"/><isCustomized>false</isCustomized></URDFElement><URDFElement z:Id="i42" i:type="ParentLink"><Attributes><Attribute z:Id="i43"><AttributeType>link</AttributeType><IsRequired>true</IsRequired><Value i:type="a:string" xmlns:a="http://www.w3.org/2001/XMLSchema"/></Attribute></Attributes><ChildElements/><ElementName>parent</ElementName><required>true</required><NameAttribute z:Ref="i43"/></URDFElement><URDFElement z:Id="i44" i:type="ChildLink"><Attributes><Attribute z:Id="i45"><AttributeType>link</AttributeType><IsRequired>true</IsRequired><Value i:type="a:string" xmlns:a="http://www.w3.org/2001/XMLSchema"/></Attribute></Attributes><ChildElements/><ElementName>child</ElementName><required>true</required><NameAttribute z:Ref="i45"/></URDFElement><URDFElement z:Id="i46" i:type="Axis"><Attributes><Attribute z:Id="i47"><AttributeType>xyz</AttributeType><IsRequired>true</IsRequired><Value i:type="a:ArrayOfdouble" xmlns:a="http://schemas.microsoft.com/2003/10/Serialization/Arrays"><a:double>0</a:double><a:double>0</a:double><a:double>0</a:double></Value></Attribute></Attributes><ChildElements/><ElementName>axis</ElementName><required>false</required><XYZAttribute z:Ref="i47"/></URDFElement><URDFElement z:Id="i48" i:type="Limit"><Attributes><Attribute z:Id="i49"><AttributeType>lower</AttributeType><IsRequired>false</IsRequired><Value i:nil="true"/></Attribute><Attribute z:Id="i50"><AttributeType>upper</AttributeType><IsRequired>false</IsRequired><Value i:nil="true"/></Attribute><Attribute z:Id="i51"><AttributeType>effort</AttributeType><IsRequired>true</IsRequired><Value i:nil="true"/></Attribute><Attribute z:Id="i52"><AttributeType>velocity</AttributeType><IsRequired>true</IsRequired><Value i:nil="true"/></Attribute></Attributes><ChildElements/><ElementName>limit</ElementName><required>false</required><EffortAttribute z:Ref="i51"/><LowerAttribute z:Ref="i49"/><UpperAttribute z:Ref="i50"/><VelocityAttribute z:Ref="i52"/></URDFElement><URDFElement z:Id="i53" i:type="Calibration"><Attributes><Attribute z:Id="i54"><AttributeType>rising</AttributeType><IsRequired>false</IsRequired><Value i:nil="true"/></Attribute><Attribute z:Id="i55"><AttributeType>falling</AttributeType><IsRequired>false</IsRequired><Value i:nil="true"/></Attribute></Attributes><ChildElements/><ElementName>calibration</ElementName><required>false</required><FallingAttribute z:Ref="i55"/><RisingAttribute z:Ref="i54"/></URDFElement><URDFElement z:Id="i56" i:type="Dynamics"><Attributes><Attribute z:Id="i57"><AttributeType>damping</AttributeType><IsRequired>false</IsRequired><Value i:nil="true"/></Attribute><Attribute z:Id="i58"><AttributeType>friction</AttributeType><IsRequired>false</IsRequired><Value i:nil="true"/></Attribute></Attributes><ChildElements/><ElementName>dynamics</ElementName><required>false</required><DampingAttribute z:Ref="i57"/><FrictionAttribute z:Ref="i58"/></URDFElement><URDFElement z:Id="i59" i:type="SafetyController"><Attributes><Attribute z:Id="i60"><AttributeType>soft_upper</AttributeType><IsRequired>false</IsRequired><Value i:nil="true"/></Attribute><Attribute z:Id="i61"><AttributeType>soft_lower</AttributeType><IsRequired>false</IsRequired><Value i:nil="true"/></Attribute><Attribute z:Id="i62"><AttributeType>k_position</AttributeType><IsRequired>false</IsRequired><Value i:nil="true"/></Attribute><Attribute z:Id="i63"><AttributeType>k_velocity</AttributeType><IsRequired>true</IsRequired><Value i:nil="true"/></Attribute></Attributes><ChildElements/><ElementName>safety_controller</ElementName><required>false</required><KPositionAttribute z:Ref="i62"/><KVelocityAttribute z:Ref="i63"/><SoftLowerAttribute z:Ref="i61"/><SoftUpperAttribute z:Ref="i60"/></URDFElement><URDFElement z:Id="i64" i:type="Mimic"><Attributes><Attribute z:Id="i65"><AttributeType>joint</AttributeType><IsRequired>true</IsRequired><Value i:nil="true"/></Attribute><Attribute z:Id="i66"><AttributeType>multiplier</AttributeType><IsRequired>false</IsRequired><Value i:nil="true"/></Attribute><Attribute z:Id="i67"><AttributeType>offset</AttributeType><IsRequired>false</IsRequired><Value i:nil="true"/></Attribute></Attributes><ChildElements/><ElementName>mimic</ElementName><required>false</required><JointNameAttribute z:Ref="i65"/><MultiplierAttribute z:Ref="i66"/><OffsetAttribute z:Ref="i67"/></URDFElement></ChildElements><ElementName>joint</ElementName><required>false</required><Axis z:Ref="i46"/><AxisName/><Calibration z:Ref="i53"/><Child z:Ref="i44"/><CoordinateSystemName>Automatically Generate</CoordinateSystemName><Dynamics z:Ref="i56"/><Limit z:Ref="i48"/><Mimic z:Ref="i64"/><NameAttribute z:Ref="i37"/><Origin z:Ref="i39"/><Parent z:Ref="i42"/><Safety z:Ref="i59"/><TypeAttribute z:Ref="i38"/></URDFElement></ChildElements><ElementName>link</ElementName><required>true</required><Children><Link z:Id="i68"><Attributes><Attribute z:Id="i69"><AttributeType>name</AttributeType><IsRequired>true</IsRequired><Value i:type="a:string" xmlns:a="http://www.w3.org/2001/XMLSchema">Link_1</Value></Attribute></Attributes><ChildElements><URDFElement z:Id="i70" i:type="Inertial"><Attributes/><ChildElements><URDFElement z:Id="i71" i:type="Origin"><Attributes><Attribute z:Id="i72"><AttributeType>xyz</AttributeType><IsRequired>true</IsRequired><Value i:type="a:ArrayOfdouble" xmlns:a="http://schemas.microsoft.com/2003/10/Serialization/Arrays"><a:double>0</a:double><a:double>0</a:double><a:double>0</a:double></Value></Attribute><Attribute z:Id="i73"><AttributeType>rpy</AttributeType><IsRequired>true</IsRequired><Value i:type="a:ArrayOfdouble" xmlns:a="http://schemas.microsoft.com/2003/10/Serialization/Arrays"><a:double>0</a:double><a:double>0</a:double><a:double>0</a:double></Value></Attribute></Attributes><ChildElements/><ElementName>origin</ElementName><required>false</required><RPYAttribute z:Ref="i73"/><XYZAttribute z:Ref="i72"/><isCustomized>false</isCustomized></URDFElement><URDFElement z:Id="i74" i:type="Mass"><Attributes><Attribute z:Id="i75"><AttributeType>value</AttributeType><IsRequired>true</IsRequired><Value i:type="a:double" xmlns:a="http://www.w3.org/2001/XMLSchema">0</Value></Attribute></Attributes><ChildElements/><ElementName>mass</ElementName><required>false</required><ValueAttribute z:Ref="i75"/></URDFElement><URDFElement z:Id="i76" i:type="Inertia"><Attributes><Attribute z:Id="i77"><AttributeType>ixx</AttributeType><IsRequired>true</IsRequired><Value i:type="a:double" xmlns:a="http://www.w3.org/2001/XMLSchema">0</Value></Attribute><Attribute z:Id="i78"><AttributeType>ixy</AttributeType><IsRequired>true</IsRequired><Value i:type="a:double" xmlns:a="http://www.w3.org/2001/XMLSchema">0</Value></Attribute><Attribute z:Id="i79"><AttributeType>ixz</AttributeType><IsRequired>true</IsRequired><Value i:type="a:double" xmlns:a="http://www.w3.org/2001/XMLSchema">0</Value></Attribute><Attribute z:Id="i80"><AttributeType>iyy</AttributeType><IsRequired>true</IsRequired><Value i:type="a:double" xmlns:a="http://www.w3.org/2001/XMLSchema">0</Value></Attribute><Attribute z:Id="i81"><AttributeType>iyz</AttributeType><IsRequired>true</IsRequired><Value i:type="a:double" xmlns:a="http://www.w3.org/2001/XMLSchema">0</Value></Attribute><Attribute z:Id="i82"><AttributeType>izz</AttributeType><IsRequired>true</IsRequired><Value i:type="a:double" xmlns:a="http://www.w3.org/2001/XMLSchema">0</Value></Attribute></Attributes><ChildElements/><ElementName>inertia</ElementName><required>false</required><IxxAttribute z:Ref="i77"/><IxyAttribute z:Ref="i78"/><IxzAttribute z:Ref="i79"/><IyyAttribute z:Ref="i80"/><IyzAttribute z:Ref="i81"/><IzzAttribute z:Ref="i82"/></URDFElement></ChildElements><ElementName>inertial</ElementName><required>false</required><Inertia z:Ref="i76"/><Mass z:Ref="i74"/><Origin z:Ref="i71"/></URDFElement><URDFElement z:Id="i83" i:type="Visual"><Attributes/><ChildElements><URDFElement z:Id="i84" i:type="Origin"><Attributes><Attribute z:Id="i85"><AttributeType>xyz</AttributeType><IsRequired>true</IsRequired><Value i:type="a:ArrayOfdouble" xmlns:a="http://schemas.microsoft.com/2003/10/Serialization/Arrays"><a:double>0</a:double><a:double>0</a:double><a:double>0</a:double></Value></Attribute><Attribute z:Id="i86"><AttributeType>rpy</AttributeType><IsRequired>true</IsRequired><Value i:type="a:ArrayOfdouble" xmlns:a="http://schemas.microsoft.com/2003/10/Serialization/Arrays"><a:double>0</a:double><a:double>0</a:double><a:double>0</a:double></Value></Attribute></Attributes><ChildElements/><ElementName>origin</ElementName><required>false</required><RPYAttribute z:Ref="i86"/><XYZAttribute z:Ref="i85"/><isCustomized>false</isCustomized></URDFElement><URDFElement z:Id="i87" i:type="Geometry"><Attributes/><ChildElements><URDFElement z:Id="i88" i:type="Mesh"><Attributes><Attribute z:Id="i89"><AttributeType>filename</AttributeType><IsRequired>true</IsRequired><Value i:nil="true"/></Attribute></Attributes><ChildElements/><ElementName>mesh</ElementName><required>false</required><FilenameAttribute z:Ref="i89"/></URDFElement></ChildElements><ElementName>geometry</ElementName><required>true</required><Mesh z:Ref="i88"/></URDFElement><URDFElement z:Id="i90" i:type="Material"><Attributes><Attribute z:Id="i91"><AttributeType>name</AttributeType><IsRequired>true</IsRequired><Value i:type="a:string" xmlns:a="http://www.w3.org/2001/XMLSchema"/></Attribute></Attributes><ChildElements><URDFElement z:Id="i92" i:type="Color"><Attributes><Attribute z:Id="i93"><AttributeType>rgba</AttributeType><IsRequired>true</IsRequired><Value i:type="a:ArrayOfdouble" xmlns:a="http://schemas.microsoft.com/2003/10/Serialization/Arrays"><a:double>1</a:double><a:double>1</a:double><a:double>1</a:double><a:double>1</a:double></Value></Attribute></Attributes><ChildElements/><ElementName>color</ElementName><required>false</required><RGBAAttribute z:Ref="i93"/></URDFElement><URDFElement z:Id="i94" i:type="Texture"><Attributes><Attribute z:Id="i95"><AttributeType>filename</AttributeType><IsRequired>true</IsRequired><Value i:nil="true"/></Attribute></Attributes><ChildElements/><ElementName>texture</ElementName><required>false</required><FilenameAttribute z:Ref="i95"/><wFilename/></URDFElement></ChildElements><ElementName>material</ElementName><required>false</required><Color z:Ref="i92"/><NameAttribute z:Ref="i91"/><Texture z:Ref="i94"/></URDFElement></ChildElements><ElementName>visual</ElementName><required>false</required><Geometry z:Ref="i87"/><Material z:Ref="i90"/><Origin z:Ref="i84"/></URDFElement><URDFElement z:Id="i96" i:type="Collision"><Attributes/><ChildElements><URDFElement z:Id="i97" i:type="Origin"><Attributes><Attribute z:Id="i98"><AttributeType>xyz</AttributeType><IsRequired>true</IsRequired><Value i:type="a:ArrayOfdouble" xmlns:a="http://schemas.microsoft.com/2003/10/Serialization/Arrays"><a:double>0</a:double><a:double>0</a:double><a:double>0</a:double></Value></Attribute><Attribute z:Id="i99"><AttributeType>rpy</AttributeType><IsRequired>true</IsRequired><Value i:type="a:ArrayOfdouble" xmlns:a="http://schemas.microsoft.com/2003/10/Serialization/Arrays"><a:double>0</a:double><a:double>0</a:double><a:double>0</a:double></Value></Attribute></Attributes><ChildElements/><ElementName>origin</ElementName><required>false</required><RPYAttribute z:Ref="i99"/><XYZAttribute z:Ref="i98"/><isCustomized>false</isCustomized></URDFElement><URDFElement z:Id="i100" i:type="Geometry"><Attributes/><ChildElements><URDFElement z:Id="i101" i:type="Mesh"><Attributes><Attribute z:Id="i102"><AttributeType>filename</AttributeType><IsRequired>true</IsRequired><Value i:nil="true"/></Attribute></Attributes><ChildElements/><ElementName>mesh</ElementName><required>false</required><FilenameAttribute z:Ref="i102"/></URDFElement></ChildElements><ElementName>geometry</ElementName><required>true</required><Mesh z:Ref="i101"/></URDFElement></ChildElements><ElementName>collision</ElementName><required>false</required><Geometry z:Ref="i100"/><Origin z:Ref="i97"/></URDFElement><URDFElement z:Id="i103" i:type="Joint"><Attributes><Attribute z:Id="i104"><AttributeType>name</AttributeType><IsRequired>true</IsRequired><Value i:type="a:string" xmlns:a="http://www.w3.org/2001/XMLSchema">guia</Value></Attribute><Attribute z:Id="i105"><AttributeType>type</AttributeType><IsRequired>true</IsRequired><Value i:type="a:string" xmlns:a="http://www.w3.org/2001/XMLSchema">Automatically Detect</Value></Attribute></Attributes><ChildElements><URDFElement z:Id="i106" i:type="Origin"><Attributes><Attribute z:Id="i107"><AttributeType>xyz</AttributeType><IsRequired>true</IsRequired><Value i:type="a:ArrayOfdouble" xmlns:a="http://schemas.microsoft.com/2003/10/Serialization/Arrays"><a:double>0</a:double><a:double>0</a:double><a:double>0</a:double></Value></Attribute><Attribute z:Id="i108"><AttributeType>rpy</AttributeType><IsRequired>true</IsRequired><Value i:type="a:ArrayOfdouble" xmlns:a="http://schemas.microsoft.com/2003/10/Serialization/Arrays"><a:double>0</a:double><a:double>0</a:double><a:double>0</a:double></Value></Attribute></Attributes><ChildElements/><ElementName>origin</ElementName><required>false</required><RPYAttribute z:Ref="i108"/><XYZAttribute z:Ref="i107"/><isCustomized>false</isCustomized></URDFElement><URDFElement z:Id="i109" i:type="ParentLink"><Attributes><Attribute z:Id="i110"><AttributeType>link</AttributeType><IsRequired>true</IsRequired><Value i:type="a:string" xmlns:a="http://www.w3.org/2001/XMLSchema"/></Attribute></Attributes><ChildElements/><ElementName>parent</ElementName><required>true</required><NameAttribute z:Ref="i110"/></URDFElement><URDFElement z:Id="i111" i:type="ChildLink"><Attributes><Attribute z:Id="i112"><AttributeType>link</AttributeType><IsRequired>true</IsRequired><Value i:type="a:string" xmlns:a="http://www.w3.org/2001/XMLSchema"/></Attribute></Attributes><ChildElements/><ElementName>child</ElementName><required>true</required><NameAttribute z:Ref="i112"/></URDFElement><URDFElement z:Id="i113" i:type="Axis"><Attributes><Attribute z:Id="i114"><AttributeType>xyz</AttributeType><IsRequired>true</IsRequired><Value i:type="a:ArrayOfdouble" xmlns:a="http://schemas.microsoft.com/2003/10/Serialization/Arrays"><a:double>0</a:double><a:double>0</a:double><a:double>0</a:double></Value></Attribute></Attributes><ChildElements/><ElementName>axis</ElementName><required>false</required><XYZAttribute z:Ref="i114"/></URDFElement><URDFElement z:Id="i115" i:type="Limit"><Attributes><Attribute z:Id="i116"><AttributeType>lower</AttributeType><IsRequired>false</IsRequired><Value i:nil="true"/></Attribute><Attribute z:Id="i117"><AttributeType>upper</AttributeType><IsRequired>false</IsRequired><Value i:nil="true"/></Attribute><Attribute z:Id="i118"><AttributeType>effort</AttributeType><IsRequired>true</IsRequired><Value i:nil="true"/></Attribute><Attribute z:Id="i119"><AttributeType>velocity</AttributeType><IsRequired>true</IsRequired><Value i:nil="true"/></Attribute></Attributes><ChildElements/><ElementName>limit</ElementName><required>false</required><EffortAttribute z:Ref="i118"/><LowerAttribute z:Ref="i116"/><UpperAttribute z:Ref="i117"/><VelocityAttribute z:Ref="i119"/></URDFElement><URDFElement z:Id="i120" i:type="Calibration"><Attributes><Attribute z:Id="i121"><AttributeType>rising</AttributeType><IsRequired>false</IsRequired><Value i:nil="true"/></Attribute><Attribute z:Id="i122"><AttributeType>falling</AttributeType><IsRequired>false</IsRequired><Value i:nil="true"/></Attribute></Attributes><ChildElements/><ElementName>calibration</ElementName><required>false</required><FallingAttribute z:Ref="i122"/><RisingAttribute z:Ref="i121"/></URDFElement><URDFElement z:Id="i123" i:type="Dynamics"><Attributes><Attribute z:Id="i124"><AttributeType>damping</AttributeType><IsRequired>false</IsRequired><Value i:nil="true"/></Attribute><Attribute z:Id="i125"><AttributeType>friction</AttributeType><IsRequired>false</IsRequired><Value i:nil="true"/></Attribute></Attributes><ChildElements/><ElementName>dynamics</ElementName><required>false</required><DampingAttribute z:Ref="i124"/><FrictionAttribute z:Ref="i125"/></URDFElement><URDFElement z:Id="i126" i:type="SafetyController"><Attributes><Attribute z:Id="i127"><AttributeType>soft_upper</AttributeType><IsRequired>false</IsRequired><Value i:nil="true"/></Attribute><Attribute z:Id="i128"><AttributeType>soft_lower</AttributeType><IsRequired>false</IsRequired><Value i:nil="true"/></Attribute><Attribute z:Id="i129"><AttributeType>k_position</AttributeType><IsRequired>false</IsRequired><Value i:nil="true"/></Attribute><Attribute z:Id="i130"><AttributeType>k_velocity</AttributeType><IsRequired>true</IsRequired><Value i:nil="true"/></Attribute></Attributes><ChildElements/><ElementName>safety_controller</ElementName><required>false</required><KPositionAttribute z:Ref="i129"/><KVelocityAttribute z:Ref="i130"/><SoftLowerAttribute z:Ref="i128"/><SoftUpperAttribute z:Ref="i127"/></URDFElement><URDFElement z:Id="i131" i:type="Mimic"><Attributes><Attribute z:Id="i132"><AttributeType>joint</AttributeType><IsRequired>true</IsRequired><Value i:nil="true"/></Attribute><Attribute z:Id="i133"><AttributeType>multiplier</AttributeType><IsRequired>false</IsRequired><Value i:nil="true"/></Attribute><Attribute z:Id="i134"><AttributeType>offset</AttributeType><IsRequired>false</IsRequired><Value i:nil="true"/></Attribute></Attributes><ChildElements/><ElementName>mimic</ElementName><required>false</required><JointNameAttribute z:Ref="i132"/><MultiplierAttribute z:Ref="i133"/><OffsetAttribute z:Ref="i134"/></URDFElement></ChildElements><ElementName>joint</ElementName><required>false</required><Axis z:Ref="i113"/><AxisName>Automatically Generate</AxisName><Calibration z:Ref="i120"/><Child z:Ref="i111"/><CoordinateSystemName>Automatically Generate</CoordinateSystemName><Dynamics z:Ref="i123"/><Limit z:Ref="i115"/><Mimic z:Ref="i131"/><NameAttribute z:Ref="i104"/><Origin z:Ref="i106"/><Parent z:Ref="i109"/><Safety z:Ref="i126"/><TypeAttribute z:Ref="i105"/></URDFElement></ChildElements><ElementName>link</ElementName><required>true</required><Children/><Collision z:Ref="i96"/><Inertial z:Ref="i70"/><Joint z:Ref="i103"/><NameAttribute z:Ref="i69"/><Parent z:Ref="i1"/><STLQualityFine>false</STLQualityFine><SWComponentPIDs xmlns:a="http://schemas.microsoft.com/2003/10/Serialization/Arrays"><a:base64Binary>4C4AAAUAAAD//v8PUABhAHIAdAAxAF4ASQBSAFMALQAxAEAASQBSAFMABAAAABAAAAABAAAAAQAAACQAAAA=</a:base64Binary><a:base64Binary>4C4AAAUAAAD//v8jSQBuAHQAZQBsAFIAZQBhAGwAcwBlAG4AcwBlAF8ARAA0ADMANQBfAE0AdQBsAHQAaQBiAG8AZAB5AC0AMQBAAEkAUgBTAAQAAAAQAAAAAQAAAAEAAAA5AAAA</a:base64Binary></SWComponentPIDs><SWMainComponentPID i:nil="true"/><Visual z:Ref="i83"/><isFixedFrame>false</isFixedFrame><isIncomplete>false</isIncomplete></Link></Children><Collision z:Ref="i29"/><Inertial z:Ref="i3"/><Joint z:Ref="i36"/><NameAttribute z:Ref="i2"/><Parent i:nil="true"/><STLQualityFine>false</STLQualityFine><SWComponentPIDs xmlns:a="http://schemas.microsoft.com/2003/10/Serialization/Arrays"><a:base64Binary>4C4AAAUAAAD//v8KYQBkAGQAMgAtADEAQABJAFIAUwAEAAAAEAAAAAEAAAABAAAAMwAAAA==</a:base64Binary><a:base64Binary>4C4AAAUAAAD//v8rUABhAHIAdAA4ADQAXgBQAEoAIAAwADAAOQAwACAAMAAwADAANAAgAC0AIABKAEEAQwBPALIAIAA2AEQATwBGAF8ASwBHAC0AMwAtADEAQABJAFIAUwAEAAAAEAAAAAEAAAABAAAAGAAAAA==</a:base64Binary></SWComponentPIDs><SWMainComponentPID i:nil="true"/><Visual z:Ref="i16"/><isFixedFrame>false</isFixedFrame><isIncomplete>false</isIncomplete></Link>
2020-06-08 07:56:29,087 INFO  AssemblyExportForm.cs: 308 - Saving URDF package to C:\Users\delga\Desktop\JACO\URDF\IRS
2020-06-08 07:56:29,089 INFO  ExportHelper.cs: 147 - Beginning the export process
2020-06-08 07:56:29,090 INFO  ExportHelper.cs: 153 - Creating package directories with name IRS and save path C:\Users\delga\Desktop\JACO\URDF
2020-06-08 07:56:32,813 INFO  ExportHelper.cs: 162 - Creating CMakeLists.txt at C:\Users\delga\Desktop\JACO\URDF\IRS\CMakeLists.txt
2020-06-08 07:56:32,819 INFO  ExportHelper.cs: 166 - Creating joint names config at C:\Users\delga\Desktop\JACO\URDF\IRS\config\joint_names_IRS.yaml
2020-06-08 07:56:32,820 INFO  ExportHelper.cs: 170 - Creating package.xml at C:\Users\delga\Desktop\JACO\URDF\IRS\package.xml
2020-06-08 07:56:32,820 INFO  PackageXMLWriter.cs: 21 - Creating package.xml at C:\Users\delga\Desktop\JACO\URDF\IRS\package.xml
2020-06-08 07:56:32,823 INFO  ExportHelper.cs: 177 - Creating RVIZ launch file in C:\Users\delga\Desktop\JACO\URDF\IRS\launch\
2020-06-08 07:56:32,824 INFO  ExportHelper.cs: 182 - Creating Gazebo launch file in C:\Users\delga\Desktop\JACO\URDF\IRS\launch\
2020-06-08 07:56:32,825 INFO  ExportHelper.cs: 187 - Saving existing STL preferences
2020-06-08 07:56:32,825 INFO  ExportHelper.cs: 451 - Saving users preferences
2020-06-08 07:56:32,826 INFO  ExportHelper.cs: 190 - Modifying STL preferences
2020-06-08 07:56:32,826 INFO  ExportHelper.cs: 465 - Setting STL preferences
2020-06-08 07:56:32,831 INFO  ExportHelper.cs: 196 - Found 0 hidden components 
2020-06-08 07:56:32,831 INFO  ExportHelper.cs: 197 - Hiding all components
2020-06-08 07:56:32,940 INFO  ExportHelper.cs: 204 - Beginning individual files export
2020-06-08 07:56:32,942 INFO  ExportHelper.cs: 270 - Exporting link: base_link
2020-06-08 07:56:32,942 INFO  ExportHelper.cs: 272 - Link base_link has 1 children
2020-06-08 07:56:32,943 INFO  ExportHelper.cs: 270 - Exporting link: Link_1
2020-06-08 07:56:32,945 INFO  ExportHelper.cs: 272 - Link Link_1 has 0 children
2020-06-08 07:56:32,946 INFO  ExportHelper.cs: 318 - Link_1: Exporting STL with coordinate frame Origin_guia
2020-06-08 07:56:32,946 INFO  ExportHelper.cs: 323 - Link_1: Reference geometry name 
2020-06-08 07:56:33,009 INFO  ExportHelper.cs: 331 - Saving STL to C:\Users\delga\Desktop\JACO\URDF\IRS\meshes\Link_1.STL
2020-06-08 07:56:33,433 INFO  ExportHelper.cs: 406 - Removing SW header in STL file
2020-06-08 07:56:33,434 INFO  ExportHelper.cs: 318 - base_link: Exporting STL with coordinate frame Origin_global
2020-06-08 07:56:33,434 INFO  ExportHelper.cs: 323 - base_link: Reference geometry name 
2020-06-08 07:56:33,464 INFO  ExportHelper.cs: 331 - Saving STL to C:\Users\delga\Desktop\JACO\URDF\IRS\meshes\base_link.STL
2020-06-08 07:56:33,530 INFO  ExportHelper.cs: 406 - Removing SW header in STL file
2020-06-08 07:56:33,531 INFO  ExportHelper.cs: 145 - Showing all components except previously hidden components
2020-06-08 07:56:33,570 INFO  ExportHelper.cs: 145 - Resetting STL preferences
2020-06-08 07:56:33,570 INFO  ExportHelper.cs: 479 - Returning STL preferences to user preferences
2020-06-08 07:56:33,571 INFO  ExportHelper.cs: 228 - Writing URDF file to C:\Users\delga\Desktop\JACO\URDF\IRS\urdf\IRS.urdf
2020-06-08 07:56:33,575 INFO  CSVImportExport.cs: 32 - Writing CSV file C:\Users\delga\Desktop\JACO\URDF\IRS\urdf\IRS.csv
2020-06-08 07:56:33,600 ERROR CSVImportExport.cs: 132 - The following columns were not written to the CSV: Link.Joint.ChildLink.link,
2020-06-08 07:56:33,601 ERROR CSVImportExport.cs: 132 - The following columns were not written to the CSV: Link.Joint.ChildLink.link,
2020-06-08 07:56:33,601 INFO  ExportHelper.cs: 234 - Copying log file
2020-06-08 07:56:33,605 INFO  ExportHelper.cs: 440 - Copying C:\Users\delga\sw2urdf_logs\sw2urdf.log to C:\Users\delga\Desktop\JACO\URDF\IRS\export.log
